This file contains any messages produced by compilers while
running configure, to aid debugging if configure makes a mistake.

It was created by wdls configure 0.1, which was
generated by GNU Autoconf 2.69.  Invocation command line was

  $ /home/wiky/Documents/CODE/wdls/configure --enable-maintainer-mode CFLAGS=-g -O0 CXXFLAGS=-g -O0 JFLAGS=-g -O0 FFLAGS=-g -O0

## --------- ##
## Platform. ##
## --------- ##

hostname = thunder
uname -m = x86_64
uname -r = 3.11.10-301.fc20.x86_64
uname -s = Linux
uname -v = #1 SMP Thu Dec 5 14:01:17 UTC 2013

/usr/bin/uname -p = x86_64
/bin/uname -X     = unknown

/bin/arch              = x86_64
/usr/bin/arch -k       = unknown
/usr/convex/getsysinfo = unknown
/usr/bin/hostinfo      = unknown
/bin/machine           = unknown
/usr/bin/oslevel       = unknown
/bin/universe          = unknown

PATH: /usr/local/bin
PATH: /usr/bin
PATH: /bin
PATH: /usr/local/sbin
PATH: /usr/sbin
PATH: /home/wiky/.local/bin
PATH: /home/wiky/bin


## ----------- ##
## Core tests. ##
## ----------- ##

configure:2159: checking for a BSD-compatible install
configure:2227: result: /usr/bin/install -c
configure:2238: checking whether build environment is sane
configure:2293: result: yes
configure:2444: checking for a thread-safe mkdir -p
configure:2483: result: /usr/bin/mkdir -p
configure:2490: checking for gawk
configure:2506: found /usr/bin/gawk
configure:2517: result: gawk
configure:2528: checking whether make sets $(MAKE)
configure:2550: result: yes
configure:2579: checking whether make supports nested variables
configure:2596: result: yes
configure:2692: checking whether make supports nested variables
configure:2709: result: yes
configure:2769: checking for gcc
configure:2785: found /usr/bin/gcc
configure:2796: result: gcc
configure:3025: checking for C compiler version
configure:3034: gcc --version >&5
gcc (GCC) 4.8.2 20131212 (Red Hat 4.8.2-7)
Copyright (C) 2013 Free Software Foundation, Inc.
This is free software; see the source for copying conditions.  There is NO
warranty; not even for MERCHANTABILITY or FITNESS FOR A PARTICULAR PURPOSE.

configure:3045: $? = 0
configure:3034: gcc -v >&5
Using built-in specs.
COLLECT_GCC=gcc
COLLECT_LTO_WRAPPER=/usr/libexec/gcc/x86_64-redhat-linux/4.8.2/lto-wrapper
Target: x86_64-redhat-linux
Configured with: ../configure --prefix=/usr --mandir=/usr/share/man --infodir=/usr/share/info --with-bugurl=http://bugzilla.redhat.com/bugzilla --enable-bootstrap --enable-shared --enable-threads=posix --enable-checking=release --with-system-zlib --enable-__cxa_atexit --disable-libunwind-exceptions --enable-gnu-unique-object --enable-linker-build-id --with-linker-hash-style=gnu --enable-languages=c,c++,objc,obj-c++,java,fortran,ada,go,lto --enable-plugin --enable-initfini-array --enable-java-awt=gtk --disable-dssi --with-java-home=/usr/lib/jvm/java-1.5.0-gcj-1.5.0.0/jre --enable-libgcj-multifile --enable-java-maintainer-mode --with-ecj-jar=/usr/share/java/eclipse-ecj.jar --disable-libjava-multilib --with-isl=/builddir/build/BUILD/gcc-4.8.2-20131212/obj-x86_64-redhat-linux/isl-install --with-cloog=/builddir/build/BUILD/gcc-4.8.2-20131212/obj-x86_64-redhat-linux/cloog-install --with-tune=generic --with-arch_32=i686 --build=x86_64-redhat-linux
Thread model: posix
gcc version 4.8.2 20131212 (Red Hat 4.8.2-7) (GCC) 
configure:3045: $? = 0
configure:3034: gcc -V >&5
gcc: error: unrecognized command line option '-V'
gcc: fatal error: no input files
compilation terminated.
configure:3045: $? = 4
configure:3034: gcc -qversion >&5
gcc: error: unrecognized command line option '-qversion'
gcc: fatal error: no input files
compilation terminated.
configure:3045: $? = 4
configure:3065: checking whether the C compiler works
configure:3087: gcc -g -O0   conftest.c  >&5
configure:3091: $? = 0
configure:3139: result: yes
configure:3142: checking for C compiler default output file name
configure:3144: result: a.out
configure:3150: checking for suffix of executables
configure:3157: gcc -o conftest -g -O0   conftest.c  >&5
configure:3161: $? = 0
configure:3183: result: 
configure:3205: checking whether we are cross compiling
configure:3213: gcc -o conftest -g -O0   conftest.c  >&5
configure:3217: $? = 0
configure:3224: ./conftest
configure:3228: $? = 0
configure:3243: result: no
configure:3248: checking for suffix of object files
configure:3270: gcc -c -g -O0  conftest.c >&5
configure:3274: $? = 0
configure:3295: result: o
configure:3299: checking whether we are using the GNU C compiler
configure:3318: gcc -c -g -O0  conftest.c >&5
configure:3318: $? = 0
configure:3327: result: yes
configure:3336: checking whether gcc accepts -g
configure:3356: gcc -c -g  conftest.c >&5
configure:3356: $? = 0
configure:3397: result: yes
configure:3414: checking for gcc option to accept ISO C89
configure:3477: gcc  -c -g -O0  conftest.c >&5
configure:3477: $? = 0
configure:3490: result: none needed
configure:3521: checking for style of include used by make
configure:3549: result: GNU
configure:3575: checking dependency style of gcc
configure:3686: result: gcc3
configure:3738: checking build system type
configure:3752: result: x86_64-unknown-linux-gnu
configure:3772: checking host system type
configure:3785: result: x86_64-unknown-linux-gnu
configure:3826: checking how to print strings
configure:3853: result: printf
configure:3874: checking for a sed that does not truncate output
configure:3938: result: /usr/bin/sed
configure:3956: checking for grep that handles long lines and -e
configure:4014: result: /usr/bin/grep
configure:4019: checking for egrep
configure:4081: result: /usr/bin/grep -E
configure:4086: checking for fgrep
configure:4148: result: /usr/bin/grep -F
configure:4183: checking for ld used by gcc
configure:4250: result: /usr/bin/ld
configure:4257: checking if the linker (/usr/bin/ld) is GNU ld
configure:4272: result: yes
configure:4284: checking for BSD- or MS-compatible name lister (nm)
configure:4333: result: /usr/bin/nm -B
configure:4463: checking the name lister (/usr/bin/nm -B) interface
configure:4470: gcc -c -g -O0  conftest.c >&5
configure:4473: /usr/bin/nm -B "conftest.o"
configure:4476: output
0000000000000000 B some_variable
configure:4483: result: BSD nm
configure:4486: checking whether ln -s works
configure:4490: result: yes
configure:4498: checking the maximum length of command line arguments
configure:4628: result: 1572864
configure:4645: checking whether the shell understands some XSI constructs
configure:4655: result: yes
configure:4659: checking whether the shell understands "+="
configure:4665: result: yes
configure:4700: checking how to convert x86_64-unknown-linux-gnu file names to x86_64-unknown-linux-gnu format
configure:4740: result: func_convert_file_noop
configure:4747: checking how to convert x86_64-unknown-linux-gnu file names to toolchain format
configure:4767: result: func_convert_file_noop
configure:4774: checking for /usr/bin/ld option to reload object files
configure:4781: result: -r
configure:4855: checking for objdump
configure:4871: found /usr/bin/objdump
configure:4882: result: objdump
configure:4914: checking how to recognize dependent libraries
configure:5116: result: pass_all
configure:5201: checking for dlltool
configure:5231: result: no
configure:5261: checking how to associate runtime and link libraries
configure:5288: result: printf %s\n
configure:5349: checking for ar
configure:5365: found /usr/bin/ar
configure:5376: result: ar
configure:5413: checking for archiver @FILE support
configure:5430: gcc -c -g -O0  conftest.c >&5
configure:5430: $? = 0
configure:5433: ar cru libconftest.a @conftest.lst >&5
configure:5436: $? = 0
configure:5441: ar cru libconftest.a @conftest.lst >&5
ar: conftest.o: No such file or directory
configure:5444: $? = 1
configure:5456: result: @
configure:5514: checking for strip
configure:5530: found /usr/bin/strip
configure:5541: result: strip
configure:5613: checking for ranlib
configure:5629: found /usr/bin/ranlib
configure:5640: result: ranlib
configure:5742: checking command to parse /usr/bin/nm -B output from gcc object
configure:5862: gcc -c -g -O0  conftest.c >&5
configure:5865: $? = 0
configure:5869: /usr/bin/nm -B conftest.o \| sed -n -e 's/^.*[ ]\([ABCDGIRSTW][ABCDGIRSTW]*\)[ ][ ]*\([_A-Za-z][_A-Za-z0-9]*\)$/\1 \2 \2/p' | sed '/ __gnu_lto/d' \> conftest.nm
configure:5872: $? = 0
configure:5938: gcc -o conftest -g -O0   conftest.c conftstm.o >&5
configure:5941: $? = 0
configure:5979: result: ok
configure:6016: checking for sysroot
configure:6046: result: no
configure:6123: gcc -c -g -O0  conftest.c >&5
configure:6126: $? = 0
configure:6308: checking for mt
configure:6338: result: no
configure:6358: checking if : is a manifest tool
configure:6364: : '-?'
configure:6372: result: no
configure:7014: checking how to run the C preprocessor
configure:7045: gcc -E  conftest.c
configure:7045: $? = 0
configure:7059: gcc -E  conftest.c
conftest.c:11:28: fatal error: ac_nonexistent.h: No such file or directory
 #include <ac_nonexistent.h>
                            ^
compilation terminated.
configure:7059: $? = 1
configure: failed program was:
| /* confdefs.h */
| #define PACKAGE_NAME "wdls"
| #define PACKAGE_TARNAME "wdls"
| #define PACKAGE_VERSION "0.1"
| #define PACKAGE_STRING "wdls 0.1"
| #define PACKAGE_BUGREPORT ""
| #define PACKAGE_URL ""
| #define PACKAGE "wdls"
| #define VERSION "0.1"
| /* end confdefs.h.  */
| #include <ac_nonexistent.h>
configure:7084: result: gcc -E
configure:7104: gcc -E  conftest.c
configure:7104: $? = 0
configure:7118: gcc -E  conftest.c
conftest.c:11:28: fatal error: ac_nonexistent.h: No such file or directory
 #include <ac_nonexistent.h>
                            ^
compilation terminated.
configure:7118: $? = 1
configure: failed program was:
| /* confdefs.h */
| #define PACKAGE_NAME "wdls"
| #define PACKAGE_TARNAME "wdls"
| #define PACKAGE_VERSION "0.1"
| #define PACKAGE_STRING "wdls 0.1"
| #define PACKAGE_BUGREPORT ""
| #define PACKAGE_URL ""
| #define PACKAGE "wdls"
| #define VERSION "0.1"
| /* end confdefs.h.  */
| #include <ac_nonexistent.h>
configure:7147: checking for ANSI C header files
configure:7167: gcc -c -g -O0  conftest.c >&5
configure:7167: $? = 0
configure:7240: gcc -o conftest -g -O0   conftest.c  >&5
configure:7240: $? = 0
configure:7240: ./conftest
configure:7240: $? = 0
configure:7251: result: yes
configure:7264: checking for sys/types.h
configure:7264: gcc -c -g -O0  conftest.c >&5
configure:7264: $? = 0
configure:7264: result: yes
configure:7264: checking for sys/stat.h
configure:7264: gcc -c -g -O0  conftest.c >&5
configure:7264: $? = 0
configure:7264: result: yes
configure:7264: checking for stdlib.h
configure:7264: gcc -c -g -O0  conftest.c >&5
configure:7264: $? = 0
configure:7264: result: yes
configure:7264: checking for string.h
configure:7264: gcc -c -g -O0  conftest.c >&5
configure:7264: $? = 0
configure:7264: result: yes
configure:7264: checking for memory.h
configure:7264: gcc -c -g -O0  conftest.c >&5
configure:7264: $? = 0
configure:7264: result: yes
configure:7264: checking for strings.h
configure:7264: gcc -c -g -O0  conftest.c >&5
configure:7264: $? = 0
configure:7264: result: yes
configure:7264: checking for inttypes.h
configure:7264: gcc -c -g -O0  conftest.c >&5
configure:7264: $? = 0
configure:7264: result: yes
configure:7264: checking for stdint.h
configure:7264: gcc -c -g -O0  conftest.c >&5
configure:7264: $? = 0
configure:7264: result: yes
configure:7264: checking for unistd.h
configure:7264: gcc -c -g -O0  conftest.c >&5
configure:7264: $? = 0
configure:7264: result: yes
configure:7278: checking for dlfcn.h
configure:7278: gcc -c -g -O0  conftest.c >&5
configure:7278: $? = 0
configure:7278: result: yes
configure:7484: checking for objdir
configure:7499: result: .libs
configure:7766: checking if gcc supports -fno-rtti -fno-exceptions
configure:7784: gcc -c -g -O0  -fno-rtti -fno-exceptions conftest.c >&5
cc1: warning: command line option '-fno-rtti' is valid for C++/ObjC++ but not for C [enabled by default]
configure:7788: $? = 0
configure:7801: result: no
configure:8128: checking for gcc option to produce PIC
configure:8135: result: -fPIC -DPIC
configure:8143: checking if gcc PIC flag -fPIC -DPIC works
configure:8161: gcc -c -g -O0  -fPIC -DPIC -DPIC conftest.c >&5
configure:8165: $? = 0
configure:8178: result: yes
configure:8207: checking if gcc static flag -static works
configure:8235: result: no
configure:8250: checking if gcc supports -c -o file.o
configure:8271: gcc -c -g -O0  -o out/conftest2.o conftest.c >&5
configure:8275: $? = 0
configure:8297: result: yes
configure:8305: checking if gcc supports -c -o file.o
configure:8352: result: yes
configure:8385: checking whether the gcc linker (/usr/bin/ld -m elf_x86_64) supports shared libraries
configure:9538: result: yes
configure:9575: checking whether -lc should be explicitly linked in
configure:9583: gcc -c -g -O0  conftest.c >&5
configure:9586: $? = 0
configure:9601: gcc -shared  -fPIC -DPIC conftest.o  -v -Wl,-soname -Wl,conftest -o conftest 2\>\&1 \| /usr/bin/grep  -lc  \>/dev/null 2\>\&1
configure:9604: $? = 0
configure:9618: result: no
configure:9778: checking dynamic linker characteristics
configure:10289: gcc -o conftest -g -O0   -Wl,-rpath -Wl,/foo conftest.c  >&5
configure:10289: $? = 0
configure:10515: result: GNU/Linux ld.so
configure:10622: checking how to hardcode library paths into programs
configure:10647: result: immediate
configure:11187: checking whether stripping libraries is possible
configure:11192: result: yes
configure:11227: checking if libtool supports shared libraries
configure:11229: result: yes
configure:11232: checking whether to build shared libraries
configure:11253: result: yes
configure:11256: checking whether to build static libraries
configure:11260: result: yes
configure:11413: checking that generated files are newer than configure
configure:11419: result: done
configure:11442: creating ./config.status

## ---------------------- ##
## Running config.status. ##
## ---------------------- ##

This file was extended by wdls config.status 0.1, which was
generated by GNU Autoconf 2.69.  Invocation command line was

  CONFIG_FILES    = 
  CONFIG_HEADERS  = 
  CONFIG_LINKS    = 
  CONFIG_COMMANDS = 
  $ ./config.status 

on thunder

config.status:1081: creating Makefile
config.status:1081: creating src/Makefile
config.status:1081: creating config.h
config.status:1295: executing depfiles commands
config.status:1295: executing libtool commands
configure:13663: WARNING: unrecognized options: --enable-maintainer-mode

## ---------------- ##
## Cache variables. ##
## ---------------- ##

ac_cv_build=x86_64-unknown-linux-gnu
ac_cv_c_compiler_gnu=yes
ac_cv_env_CC_set=
ac_cv_env_CC_value=
ac_cv_env_CFLAGS_set=set
ac_cv_env_CFLAGS_value='-g -O0'
ac_cv_env_CPPFLAGS_set=
ac_cv_env_CPPFLAGS_value=
ac_cv_env_CPP_set=
ac_cv_env_CPP_value=
ac_cv_env_LDFLAGS_set=
ac_cv_env_LDFLAGS_value=
ac_cv_env_LIBS_set=
ac_cv_env_LIBS_value=
ac_cv_env_build_alias_set=
ac_cv_env_build_alias_value=
ac_cv_env_host_alias_set=
ac_cv_env_host_alias_value=
ac_cv_env_target_alias_set=
ac_cv_env_target_alias_value=
ac_cv_header_dlfcn_h=yes
ac_cv_header_inttypes_h=yes
ac_cv_header_memory_h=yes
ac_cv_header_stdc=yes
ac_cv_header_stdint_h=yes
ac_cv_header_stdlib_h=yes
ac_cv_header_string_h=yes
ac_cv_header_strings_h=yes
ac_cv_header_sys_stat_h=yes
ac_cv_header_sys_types_h=yes
ac_cv_header_unistd_h=yes
ac_cv_host=x86_64-unknown-linux-gnu
ac_cv_objext=o
ac_cv_path_EGREP='/usr/bin/grep -E'
ac_cv_path_FGREP='/usr/bin/grep -F'
ac_cv_path_GREP=/usr/bin/grep
ac_cv_path_SED=/usr/bin/sed
ac_cv_path_install='/usr/bin/install -c'
ac_cv_path_mkdir=/usr/bin/mkdir
ac_cv_prog_AWK=gawk
ac_cv_prog_CPP='gcc -E'
ac_cv_prog_ac_ct_AR=ar
ac_cv_prog_ac_ct_CC=gcc
ac_cv_prog_ac_ct_OBJDUMP=objdump
ac_cv_prog_ac_ct_RANLIB=ranlib
ac_cv_prog_ac_ct_STRIP=strip
ac_cv_prog_cc_c89=
ac_cv_prog_cc_g=yes
ac_cv_prog_make_make_set=yes
am_cv_CC_dependencies_compiler_type=gcc3
am_cv_make_support_nested_variables=yes
lt_cv_ar_at_file=@
lt_cv_archive_cmds_need_lc=no
lt_cv_deplibs_check_method=pass_all
lt_cv_file_magic_cmd='$MAGIC_CMD'
lt_cv_file_magic_test_file=
lt_cv_ld_reload_flag=-r
lt_cv_nm_interface='BSD nm'
lt_cv_objdir=.libs
lt_cv_path_LD=/usr/bin/ld
lt_cv_path_NM='/usr/bin/nm -B'
lt_cv_path_mainfest_tool=no
lt_cv_prog_compiler_c_o=yes
lt_cv_prog_compiler_pic='-fPIC -DPIC'
lt_cv_prog_compiler_pic_works=yes
lt_cv_prog_compiler_rtti_exceptions=no
lt_cv_prog_compiler_static_works=no
lt_cv_prog_gnu_ld=yes
lt_cv_sharedlib_from_linklib_cmd='printf %s\n'
lt_cv_shlibpath_overrides_runpath=no
lt_cv_sys_global_symbol_pipe='sed -n -e '\''s/^.*[	 ]\([ABCDGIRSTW][ABCDGIRSTW]*\)[	 ][	 ]*\([_A-Za-z][_A-Za-z0-9]*\)$/\1 \2 \2/p'\'' | sed '\''/ __gnu_lto/d'\'''
lt_cv_sys_global_symbol_to_c_name_address='sed -n -e '\''s/^: \([^ ]*\)[ ]*$/  {\"\1\", (void *) 0},/p'\'' -e '\''s/^[ABCDGIRSTW]* \([^ ]*\) \([^ ]*\)$/  {"\2", (void *) \&\2},/p'\'''
lt_cv_sys_global_symbol_to_c_name_address_lib_prefix='sed -n -e '\''s/^: \([^ ]*\)[ ]*$/  {\"\1\", (void *) 0},/p'\'' -e '\''s/^[ABCDGIRSTW]* \([^ ]*\) \(lib[^ ]*\)$/  {"\2", (void *) \&\2},/p'\'' -e '\''s/^[ABCDGIRSTW]* \([^ ]*\) \([^ ]*\)$/  {"lib\2", (void *) \&\2},/p'\'''
lt_cv_sys_global_symbol_to_cdecl='sed -n -e '\''s/^T .* \(.*\)$/extern int \1();/p'\'' -e '\''s/^[ABCDGIRSTW]* .* \(.*\)$/extern char \1;/p'\'''
lt_cv_sys_max_cmd_len=1572864
lt_cv_to_host_file_cmd=func_convert_file_noop
lt_cv_to_tool_file_cmd=func_convert_file_noop

## ----------------- ##
## Output variables. ##
## ----------------- ##

ACLOCAL='${SHELL} /home/wiky/Documents/CODE/wdls/missing aclocal-1.13'
AMDEPBACKSLASH='\'
AMDEP_FALSE='#'
AMDEP_TRUE=''
AMTAR='$${TAR-tar}'
AM_BACKSLASH='\'
AM_DEFAULT_V='$(AM_DEFAULT_VERBOSITY)'
AM_DEFAULT_VERBOSITY='0'
AM_V='$(V)'
AR='ar'
AUTOCONF='${SHELL} /home/wiky/Documents/CODE/wdls/missing autoconf'
AUTOHEADER='${SHELL} /home/wiky/Documents/CODE/wdls/missing autoheader'
AUTOMAKE='${SHELL} /home/wiky/Documents/CODE/wdls/missing automake-1.13'
AWK='gawk'
CC='gcc'
CCDEPMODE='depmode=gcc3'
CFLAGS='-g -O0'
CPP='gcc -E'
CPPFLAGS=''
CYGPATH_W='echo'
DEFS='-DHAVE_CONFIG_H'
DEPDIR='.deps'
DLLTOOL='false'
DSYMUTIL=''
DUMPBIN=''
ECHO_C=''
ECHO_N='-n'
ECHO_T=''
EGREP='/usr/bin/grep -E'
EXEEXT=''
FGREP='/usr/bin/grep -F'
GREP='/usr/bin/grep'
INSTALL_DATA='${INSTALL} -m 644'
INSTALL_PROGRAM='${INSTALL}'
INSTALL_SCRIPT='${INSTALL}'
INSTALL_STRIP_PROGRAM='$(install_sh) -c -s'
LD='/usr/bin/ld -m elf_x86_64'
LDFLAGS=''
LIBOBJS=''
LIBS=''
LIBTOOL='$(SHELL) $(top_builddir)/libtool'
LIPO=''
LN_S='ln -s'
LTLIBOBJS=''
MAKEINFO='${SHELL} /home/wiky/Documents/CODE/wdls/missing makeinfo'
MANIFEST_TOOL=':'
MKDIR_P='/usr/bin/mkdir -p'
NM='/usr/bin/nm -B'
NMEDIT=''
OBJDUMP='objdump'
OBJEXT='o'
OTOOL64=''
OTOOL=''
PACKAGE='wdls'
PACKAGE_BUGREPORT=''
PACKAGE_NAME='wdls'
PACKAGE_STRING='wdls 0.1'
PACKAGE_TARNAME='wdls'
PACKAGE_URL=''
PACKAGE_VERSION='0.1'
PATH_SEPARATOR=':'
RANLIB='ranlib'
SED='/usr/bin/sed'
SET_MAKE=''
SHELL='/bin/sh'
STRIP='strip'
VERSION='0.1'
ac_ct_AR='ar'
ac_ct_CC='gcc'
ac_ct_DUMPBIN=''
am__EXEEXT_FALSE=''
am__EXEEXT_TRUE='#'
am__fastdepCC_FALSE='#'
am__fastdepCC_TRUE=''
am__include='include'
am__isrc=' -I$(srcdir)'
am__leading_dot='.'
am__nodep='_no'
am__quote=''
am__tar='$${TAR-tar} chof - "$$tardir"'
am__untar='$${TAR-tar} xf -'
bindir='${exec_prefix}/bin'
build='x86_64-unknown-linux-gnu'
build_alias=''
build_cpu='x86_64'
build_os='linux-gnu'
build_vendor='unknown'
datadir='${datarootdir}'
datarootdir='${prefix}/share'
docdir='${datarootdir}/doc/${PACKAGE_TARNAME}'
dvidir='${docdir}'
exec_prefix='${prefix}'
host='x86_64-unknown-linux-gnu'
host_alias=''
host_cpu='x86_64'
host_os='linux-gnu'
host_vendor='unknown'
htmldir='${docdir}'
includedir='${prefix}/include'
infodir='${datarootdir}/info'
install_sh='${SHELL} /home/wiky/Documents/CODE/wdls/install-sh'
libdir='${exec_prefix}/lib'
libexecdir='${exec_prefix}/libexec'
localedir='${datarootdir}/locale'
localstatedir='${prefix}/var'
mandir='${datarootdir}/man'
mkdir_p='$(MKDIR_P)'
oldincludedir='/usr/include'
pdfdir='${docdir}'
prefix='/usr/local'
program_transform_name='s,x,x,'
psdir='${docdir}'
sbindir='${exec_prefix}/sbin'
sharedstatedir='${prefix}/com'
sysconfdir='${prefix}/etc'
target_alias=''

## ----------- ##
## confdefs.h. ##
## ----------- ##

/* confdefs.h */
#define PACKAGE_NAME "wdls"
#define PACKAGE_TARNAME "wdls"
#define PACKAGE_VERSION "0.1"
#define PACKAGE_STRING "wdls 0.1"
#define PACKAGE_BUGREPORT ""
#define PACKAGE_URL ""
#define PACKAGE "wdls"
#define VERSION "0.1"
#define STDC_HEADERS 1
#define HAVE_SYS_TYPES_H 1
#define HAVE_SYS_STAT_H 1
#define HAVE_STDLIB_H 1
#define HAVE_STRING_H 1
#define HAVE_MEMORY_H 1
#define HAVE_STRINGS_H 1
#define HAVE_INTTYPES_H 1
#define HAVE_STDINT_H 1
#define HAVE_UNISTD_H 1
#define HAVE_DLFCN_H 1
#define LT_OBJDIR ".libs/"

configure: exit 0

## ---------------------- ##
## Running config.status. ##
## ---------------------- ##

This file was extended by wdls config.status 0.1, which was
generated by GNU Autoconf 2.69.  Invocation command line was

  CONFIG_FILES    = 
  CONFIG_HEADERS  = 
  CONFIG_LINKS    = 
  CONFIG_COMMANDS = 
  $ ./config.status config.h

on thunder

config.status:1081: creating config.h
config.status:1247: config.h is unchanged

## ---------------------- ##
## Running config.status. ##
## ---------------------- ##

This file was extended by wdls config.status 0.1, which was
generated by GNU Autoconf 2.69.  Invocation command line was

  CONFIG_FILES    = 
  CONFIG_HEADERS  = 
  CONFIG_LINKS    = 
  CONFIG_COMMANDS = 
  $ ./config.status src/Makefile depfiles

on thunder

config.status:1081: creating src/Makefile
config.status:1295: executing depfiles commands

## ---------------------- ##
## Running config.status. ##
## ---------------------- ##

This file was extended by wdls config.status 0.1, which was
generated by GNU Autoconf 2.69.  Invocation command line was

  CONFIG_FILES    = 
  CONFIG_HEADERS  = 
  CONFIG_LINKS    = 
  CONFIG_COMMANDS = 
  $ ./config.status src/Makefile depfiles

on thunder

config.status:1081: creating src/Makefile
config.status:1295: executing depfiles commands

## ---------------------- ##
## Running config.status. ##
## ---------------------- ##

This file was extended by wdls config.status 0.1, which was
generated by GNU Autoconf 2.69.  Invocation command line was

  CONFIG_FILES    = 
  CONFIG_HEADERS  = 
  CONFIG_LINKS    = 
  CONFIG_COMMANDS = 
  $ ./config.status src/Makefile depfiles

on thunder

config.status:1081: creating src/Makefile
config.status:1295: executing depfiles commands
